<?xml version="1.0" ?>
<!DOCTYPE coverage SYSTEM "https://cobertura.sourceforge.net/xml/coverage-04.dtd">
<coverage branch-rate="0" branches-covered="0" branches-valid="0" complexity="0" line-rate="0.9140350877192982" lines-covered="521" lines-valid="570" timestamp="1763509075" version="2.0.3">
    <sources>
        <source>/Users/luizpsr/Code/Unit-Converter</source>
    </sources>
    <packages>
        <package line-rate="0.8839285714285714" branch-rate="0" name="src.parser" complexity="0">
            <classes>
                <class branch-rate="0" complexity="0" filename="src/parser/tests.rs" line-rate="0.8839285714285714" name="src.parser.tests.rs">
                    <methods>
                        <method name="unit_converter::parser::tests::test_parse_units" signature="" complexity="0" line-rate="1" branch-rate="1">
                            <lines>
                                <line hits="1" number="5" branch="false"/>
                            </lines>
                        </method>
                        <method name="unit_converter::parser::tests::test_parser_no_arg" signature="" complexity="0" line-rate="1" branch-rate="1">
                            <lines>
                                <line hits="1" number="31" branch="false"/>
                            </lines>
                        </method>
                        <method name="unit_converter::parser::tests::test_nonsensical_unit" signature="" complexity="0" line-rate="1" branch-rate="1">
                            <lines>
                                <line hits="1" number="17" branch="false"/>
                            </lines>
                        </method>
                        <method name="unit_converter::parser::tests::test_parser_help_flags" signature="" complexity="0" line-rate="1" branch-rate="1">
                            <lines>
                                <line hits="1" number="38" branch="false"/>
                            </lines>
                        </method>
                        <method name="unit_converter::parser::tests::test_parser_unknown_unit" signature="" complexity="0" line-rate="1" branch-rate="1">
                            <lines>
                                <line hits="1" number="100" branch="false"/>
                            </lines>
                        </method>
                        <method name="unit_converter::parser::tests::test_parser_display_units" signature="" complexity="0" line-rate="1" branch-rate="1">
                            <lines>
                                <line hits="1" number="49" branch="false"/>
                            </lines>
                        </method>
                        <method name="unit_converter::parser::tests::test_parser_too_many_args" signature="" complexity="0" line-rate="1" branch-rate="1">
                            <lines>
                                <line hits="1" number="169" branch="false"/>
                            </lines>
                        </method>
                        <method name="unit_converter::parser::tests::test_parse_unavailable_units" signature="" complexity="0" line-rate="1" branch-rate="1">
                            <lines>
                                <line hits="1" number="23" branch="false"/>
                            </lines>
                        </method>
                        <method name="unit_converter::parser::tests::test_parser_non_numeric_value" signature="" complexity="0" line-rate="1" branch-rate="1">
                            <lines>
                                <line hits="1" number="127" branch="false"/>
                            </lines>
                        </method>
                        <method name="unit_converter::parser::tests::test_parser_invalid_units_pair" signature="" complexity="0" line-rate="1" branch-rate="1">
                            <lines>
                                <line hits="1" number="136" branch="false"/>
                            </lines>
                        </method>
                        <method name="unit_converter::parser::tests::test_parser_convert_from_a_to_b" signature="" complexity="0" line-rate="1" branch-rate="1">
                            <lines>
                                <line hits="1" number="77" branch="false"/>
                            </lines>
                        </method>
                        <method name="unit_converter::parser::tests::test_parser_convert_single_unit" signature="" complexity="0" line-rate="1" branch-rate="1">
                            <lines>
                                <line hits="1" number="56" branch="false"/>
                            </lines>
                        </method>
                        <method name="unit_converter::parser::tests::test_parser_invalid_unit_single_arg" signature="" complexity="0" line-rate="1" branch-rate="1">
                            <lines>
                                <line hits="1" number="109" branch="false"/>
                            </lines>
                        </method>
                        <method name="unit_converter::parser::tests::test_parser_invalid_unit_value_unit" signature="" complexity="0" line-rate="1" branch-rate="1">
                            <lines>
                                <line hits="1" number="118" branch="false"/>
                            </lines>
                        </method>
                        <method name="unit_converter::parser::tests::test_parser_invalid_unit_value_a_to_b" signature="" complexity="0" line-rate="1" branch-rate="1">
                            <lines>
                                <line hits="1" number="153" branch="false"/>
                            </lines>
                        </method>
                    </methods>
                    <lines>
                        <line branch="false" hits="1" number="5"/>
                        <line branch="false" hits="1" number="6"/>
                        <line branch="false" hits="1" number="7"/>
                        <line branch="false" hits="1" number="8"/>
                        <line branch="false" hits="1" number="10"/>
                        <line branch="false" hits="1" number="11"/>
                        <line branch="false" hits="1" number="13"/>
                        <line branch="false" hits="1" number="14"/>
                        <line branch="false" hits="1" number="17"/>
                        <line branch="false" hits="1" number="18"/>
                        <line branch="false" hits="1" number="19"/>
                        <line branch="false" hits="1" number="20"/>
                        <line branch="false" hits="1" number="23"/>
                        <line branch="false" hits="1" number="24"/>
                        <line branch="false" hits="1" number="25"/>
                        <line branch="false" hits="1" number="26"/>
                        <line branch="false" hits="1" number="27"/>
                        <line branch="false" hits="1" number="28"/>
                        <line branch="false" hits="1" number="31"/>
                        <line branch="false" hits="1" number="33"/>
                        <line branch="false" hits="1" number="34"/>
                        <line branch="false" hits="1" number="35"/>
                        <line branch="false" hits="1" number="38"/>
                        <line branch="false" hits="1" number="40"/>
                        <line branch="false" hits="1" number="41"/>
                        <line branch="false" hits="1" number="44"/>
                        <line branch="false" hits="1" number="45"/>
                        <line branch="false" hits="1" number="46"/>
                        <line branch="false" hits="1" number="49"/>
                        <line branch="false" hits="1" number="51"/>
                        <line branch="false" hits="1" number="52"/>
                        <line branch="false" hits="1" number="53"/>
                        <line branch="false" hits="1" number="56"/>
                        <line branch="false" hits="1" number="58"/>
                        <line branch="false" hits="1" number="59"/>
                        <line branch="false" hits="1" number="60"/>
                        <line branch="false" hits="1" number="61"/>
                        <line branch="false" hits="0" number="63"/>
                        <line branch="false" hits="1" number="67"/>
                        <line branch="false" hits="1" number="68"/>
                        <line branch="false" hits="1" number="69"/>
                        <line branch="false" hits="1" number="70"/>
                        <line branch="false" hits="0" number="72"/>
                        <line branch="false" hits="1" number="74"/>
                        <line branch="false" hits="1" number="77"/>
                        <line branch="false" hits="1" number="79"/>
                        <line branch="false" hits="1" number="80"/>
                        <line branch="false" hits="1" number="81"/>
                        <line branch="false" hits="1" number="82"/>
                        <line branch="false" hits="1" number="83"/>
                        <line branch="false" hits="0" number="85"/>
                        <line branch="false" hits="1" number="89"/>
                        <line branch="false" hits="1" number="90"/>
                        <line branch="false" hits="1" number="91"/>
                        <line branch="false" hits="1" number="92"/>
                        <line branch="false" hits="1" number="93"/>
                        <line branch="false" hits="0" number="95"/>
                        <line branch="false" hits="1" number="97"/>
                        <line branch="false" hits="1" number="100"/>
                        <line branch="false" hits="1" number="101"/>
                        <line branch="false" hits="1" number="102"/>
                        <line branch="false" hits="1" number="103"/>
                        <line branch="false" hits="0" number="104"/>
                        <line branch="false" hits="1" number="106"/>
                        <line branch="false" hits="1" number="109"/>
                        <line branch="false" hits="1" number="110"/>
                        <line branch="false" hits="1" number="111"/>
                        <line branch="false" hits="1" number="112"/>
                        <line branch="false" hits="0" number="113"/>
                        <line branch="false" hits="1" number="115"/>
                        <line branch="false" hits="1" number="118"/>
                        <line branch="false" hits="1" number="119"/>
                        <line branch="false" hits="1" number="120"/>
                        <line branch="false" hits="1" number="121"/>
                        <line branch="false" hits="0" number="122"/>
                        <line branch="false" hits="1" number="124"/>
                        <line branch="false" hits="1" number="127"/>
                        <line branch="false" hits="1" number="128"/>
                        <line branch="false" hits="1" number="129"/>
                        <line branch="false" hits="1" number="130"/>
                        <line branch="false" hits="0" number="131"/>
                        <line branch="false" hits="1" number="133"/>
                        <line branch="false" hits="1" number="136"/>
                        <line branch="false" hits="1" number="138"/>
                        <line branch="false" hits="1" number="139"/>
                        <line branch="false" hits="1" number="140"/>
                        <line branch="false" hits="0" number="141"/>
                        <line branch="false" hits="1" number="145"/>
                        <line branch="false" hits="1" number="146"/>
                        <line branch="false" hits="1" number="147"/>
                        <line branch="false" hits="0" number="148"/>
                        <line branch="false" hits="1" number="150"/>
                        <line branch="false" hits="1" number="153"/>
                        <line branch="false" hits="1" number="155"/>
                        <line branch="false" hits="1" number="156"/>
                        <line branch="false" hits="1" number="157"/>
                        <line branch="false" hits="0" number="158"/>
                        <line branch="false" hits="1" number="161"/>
                        <line branch="false" hits="1" number="162"/>
                        <line branch="false" hits="1" number="163"/>
                        <line branch="false" hits="0" number="164"/>
                        <line branch="false" hits="1" number="166"/>
                        <line branch="false" hits="1" number="169"/>
                        <line branch="false" hits="1" number="170"/>
                        <line branch="false" hits="1" number="171"/>
                        <line branch="false" hits="1" number="172"/>
                        <line branch="false" hits="1" number="173"/>
                        <line branch="false" hits="1" number="174"/>
                        <line branch="false" hits="1" number="176"/>
                        <line branch="false" hits="1" number="177"/>
                        <line branch="false" hits="0" number="178"/>
                        <line branch="false" hits="1" number="180"/>
                    </lines>
                </class>
            </classes>
        </package>
        <package line-rate="0.9095477386934674" branch-rate="0" name="src" complexity="0">
            <classes>
                <class branch-rate="0" complexity="0" filename="src/parser.rs" line-rate="1" name="src.parser.rs">
                    <methods>
                        <method name="unit_converter::parser::parse_unit" signature="" complexity="0" line-rate="1" branch-rate="1">
                            <lines>
                                <line hits="33" number="14" branch="false"/>
                            </lines>
                        </method>
                        <method name="unit_converter::parser::parser" signature="" complexity="0" line-rate="1" branch-rate="1">
                            <lines>
                                <line hits="17" number="72" branch="false"/>
                            </lines>
                        </method>
                        <method name="unit_converter::parser::parse_unit" signature="" complexity="0" line-rate="1" branch-rate="1">
                            <lines>
                                <line hits="15" number="14" branch="false"/>
                            </lines>
                        </method>
                        <method name="unit_converter::parser::parser" signature="" complexity="0" line-rate="1" branch-rate="1">
                            <lines>
                                <line hits="13" number="72" branch="false"/>
                            </lines>
                        </method>
                    </methods>
                    <lines>
                        <line branch="false" hits="48" number="14"/>
                        <line branch="false" hits="48" number="15"/>
                        <line branch="false" hits="48" number="17"/>
                        <line branch="false" hits="48" number="18"/>
                        <line branch="false" hits="47" number="19"/>
                        <line branch="false" hits="44" number="22"/>
                        <line branch="false" hits="44" number="23"/>
                        <line branch="false" hits="43" number="24"/>
                        <line branch="false" hits="33" number="25"/>
                        <line branch="false" hits="31" number="27"/>
                        <line branch="false" hits="31" number="28"/>
                        <line branch="false" hits="30" number="29"/>
                        <line branch="false" hits="30" number="30"/>
                        <line branch="false" hits="30" number="33"/>
                        <line branch="false" hits="30" number="34"/>
                        <line branch="false" hits="30" number="35"/>
                        <line branch="false" hits="30" number="36"/>
                        <line branch="false" hits="30" number="38"/>
                        <line branch="false" hits="30" number="39"/>
                        <line branch="false" hits="26" number="40"/>
                        <line branch="false" hits="26" number="41"/>
                        <line branch="false" hits="26" number="42"/>
                        <line branch="false" hits="26" number="43"/>
                        <line branch="false" hits="26" number="46"/>
                        <line branch="false" hits="26" number="47"/>
                        <line branch="false" hits="22" number="49"/>
                        <line branch="false" hits="22" number="50"/>
                        <line branch="false" hits="21" number="51"/>
                        <line branch="false" hits="21" number="53"/>
                        <line branch="false" hits="20" number="54"/>
                        <line branch="false" hits="20" number="55"/>
                        <line branch="false" hits="20" number="56"/>
                        <line branch="false" hits="20" number="57"/>
                        <line branch="false" hits="19" number="60"/>
                        <line branch="false" hits="19" number="61"/>
                        <line branch="false" hits="19" number="62"/>
                        <line branch="false" hits="19" number="64"/>
                        <line branch="false" hits="19" number="65"/>
                        <line branch="false" hits="19" number="66"/>
                        <line branch="false" hits="19" number="68"/>
                        <line branch="false" hits="48" number="70"/>
                        <line branch="false" hits="30" number="72"/>
                        <line branch="false" hits="30" number="73"/>
                        <line branch="false" hits="2" number="74"/>
                        <line branch="false" hits="28" number="75"/>
                        <line branch="false" hits="28" number="78"/>
                        <line branch="false" hits="4" number="79"/>
                        <line branch="false" hits="24" number="80"/>
                        <line branch="false" hits="24" number="83"/>
                        <line branch="false" hits="2" number="84"/>
                        <line branch="false" hits="22" number="85"/>
                        <line branch="false" hits="22" number="87"/>
                        <line branch="false" hits="5" number="89"/>
                        <line branch="false" hits="1" number="90"/>
                        <line branch="false" hits="4" number="92"/>
                        <line branch="false" hits="7" number="97"/>
                        <line branch="false" hits="3" number="98"/>
                        <line branch="false" hits="2" number="99"/>
                        <line branch="false" hits="1" number="101"/>
                        <line branch="false" hits="1" number="105"/>
                        <line branch="false" hits="4" number="106"/>
                        <line branch="false" hits="4" number="107"/>
                        <line branch="false" hits="1" number="109"/>
                        <line branch="false" hits="3" number="112"/>
                        <line branch="false" hits="2" number="113"/>
                        <line branch="false" hits="1" number="115"/>
                        <line branch="false" hits="8" number="121"/>
                        <line branch="false" hits="4" number="122"/>
                        <line branch="false" hits="7" number="123"/>
                        <line branch="false" hits="7" number="124"/>
                        <line branch="false" hits="4" number="126"/>
                        <line branch="false" hits="3" number="129"/>
                        <line branch="false" hits="1" number="130"/>
                        <line branch="false" hits="2" number="132"/>
                        <line branch="false" hits="1" number="136"/>
                        <line branch="false" hits="2" number="139"/>
                        <line branch="false" hits="30" number="141"/>
                    </lines>
                </class>
                <class branch-rate="0" complexity="0" filename="src/lib.rs" line-rate="1" name="src.lib.rs">
                    <methods>
                        <method name="unit_converter::print_help::&lt;_&gt;" signature="" complexity="0" line-rate="0" branch-rate="0">
                            <lines>
                                <line hits="0" number="10" branch="false"/>
                            </lines>
                        </method>
                        <method name="unit_converter::display_all_units::&lt;_&gt;" signature="" complexity="0" line-rate="0" branch-rate="0">
                            <lines>
                                <line hits="0" number="20" branch="false"/>
                            </lines>
                        </method>
                        <method name="unit_converter::run::&lt;_&gt;" signature="" complexity="0" line-rate="0" branch-rate="0">
                            <lines>
                                <line hits="0" number="69" branch="false"/>
                            </lines>
                        </method>
                        <method name="unit_converter::print_help::&lt;std::io::cursor::Cursor&lt;alloc::vec::Vec&lt;u8&gt;&gt;&gt;" signature="" complexity="0" line-rate="1" branch-rate="1">
                            <lines>
                                <line hits="3" number="10" branch="false"/>
                            </lines>
                        </method>
                        <method name="unit_converter::print_help::&lt;std::io::stdio::Stdout&gt;" signature="" complexity="0" line-rate="0" branch-rate="0">
                            <lines>
                                <line hits="0" number="10" branch="false"/>
                            </lines>
                        </method>
                        <method name="unit_converter::display_all_units::&lt;std::io::cursor::Cursor&lt;alloc::vec::Vec&lt;u8&gt;&gt;&gt;" signature="" complexity="0" line-rate="1" branch-rate="1">
                            <lines>
                                <line hits="1" number="20" branch="false"/>
                            </lines>
                        </method>
                        <method name="unit_converter::display_all_units::&lt;std::io::stdio::Stdout&gt;" signature="" complexity="0" line-rate="0" branch-rate="0">
                            <lines>
                                <line hits="0" number="20" branch="false"/>
                            </lines>
                        </method>
                        <method name="unit_converter::run::&lt;std::io::cursor::Cursor&lt;alloc::vec::Vec&lt;u8&gt;&gt;&gt;" signature="" complexity="0" line-rate="1" branch-rate="1">
                            <lines>
                                <line hits="13" number="69" branch="false"/>
                            </lines>
                        </method>
                        <method name="unit_converter::run::&lt;std::io::stdio::Stdout&gt;" signature="" complexity="0" line-rate="0" branch-rate="0">
                            <lines>
                                <line hits="0" number="69" branch="false"/>
                            </lines>
                        </method>
                    </methods>
                    <lines>
                        <line branch="false" hits="3" number="10"/>
                        <line branch="false" hits="3" number="11"/>
                        <line branch="false" hits="3" number="12"/>
                        <line branch="false" hits="3" number="13"/>
                        <line branch="false" hits="3" number="14"/>
                        <line branch="false" hits="3" number="15"/>
                        <line branch="false" hits="3" number="16"/>
                        <line branch="false" hits="3" number="17"/>
                        <line branch="false" hits="3" number="18"/>
                        <line branch="false" hits="1" number="20"/>
                        <line branch="false" hits="1" number="21"/>
                        <line branch="false" hits="1" number="22"/>
                        <line branch="false" hits="1" number="23"/>
                        <line branch="false" hits="1" number="24"/>
                        <line branch="false" hits="1" number="26"/>
                        <line branch="false" hits="1" number="27"/>
                        <line branch="false" hits="1" number="28"/>
                        <line branch="false" hits="1" number="29"/>
                        <line branch="false" hits="1" number="30"/>
                        <line branch="false" hits="1" number="31"/>
                        <line branch="false" hits="1" number="32"/>
                        <line branch="false" hits="1" number="33"/>
                        <line branch="false" hits="1" number="34"/>
                        <line branch="false" hits="1" number="36"/>
                        <line branch="false" hits="1" number="37"/>
                        <line branch="false" hits="1" number="38"/>
                        <line branch="false" hits="1" number="39"/>
                        <line branch="false" hits="1" number="40"/>
                        <line branch="false" hits="1" number="41"/>
                        <line branch="false" hits="1" number="42"/>
                        <line branch="false" hits="1" number="43"/>
                        <line branch="false" hits="1" number="44"/>
                        <line branch="false" hits="1" number="45"/>
                        <line branch="false" hits="1" number="46"/>
                        <line branch="false" hits="1" number="48"/>
                        <line branch="false" hits="1" number="49"/>
                        <line branch="false" hits="1" number="50"/>
                        <line branch="false" hits="1" number="51"/>
                        <line branch="false" hits="1" number="52"/>
                        <line branch="false" hits="1" number="53"/>
                        <line branch="false" hits="1" number="54"/>
                        <line branch="false" hits="1" number="55"/>
                        <line branch="false" hits="1" number="56"/>
                        <line branch="false" hits="1" number="57"/>
                        <line branch="false" hits="1" number="58"/>
                        <line branch="false" hits="1" number="60"/>
                        <line branch="false" hits="1" number="61"/>
                        <line branch="false" hits="1" number="62"/>
                        <line branch="false" hits="1" number="63"/>
                        <line branch="false" hits="1" number="64"/>
                        <line branch="false" hits="1" number="65"/>
                        <line branch="false" hits="1" number="66"/>
                        <line branch="false" hits="1" number="67"/>
                        <line branch="false" hits="13" number="69"/>
                        <line branch="false" hits="13" number="70"/>
                        <line branch="false" hits="13" number="72"/>
                        <line branch="false" hits="5" number="73"/>
                        <line branch="false" hits="5" number="74"/>
                        <line branch="false" hits="5" number="75"/>
                        <line branch="false" hits="3" number="76"/>
                        <line branch="false" hits="1" number="77"/>
                        <line branch="false" hits="3" number="78"/>
                        <line branch="false" hits="1" number="79"/>
                        <line branch="false" hits="13" number="81"/>
                    </lines>
                </class>
                <class branch-rate="0" complexity="0" filename="src/main.rs" line-rate="0" name="src.main.rs">
                    <methods>
                        <method name="unit_converter::main" signature="" complexity="0" line-rate="0" branch-rate="0">
                            <lines>
                                <line hits="0" number="5" branch="false"/>
                            </lines>
                        </method>
                        <method name="unit_converter::main" signature="" complexity="0" line-rate="0" branch-rate="0">
                            <lines>
                                <line hits="0" number="5" branch="false"/>
                            </lines>
                        </method>
                    </methods>
                    <lines>
                        <line branch="false" hits="0" number="5"/>
                        <line branch="false" hits="0" number="7"/>
                        <line branch="false" hits="0" number="8"/>
                        <line branch="false" hits="0" number="9"/>
                    </lines>
                </class>
                <class branch-rate="0" complexity="0" filename="src/converter.rs" line-rate="0.8735177865612648" name="src.converter.rs">
                    <methods>
                        <method name="unit_converter::converter::convert_and_print_to::&lt;_&gt;" signature="" complexity="0" line-rate="0" branch-rate="0">
                            <lines>
                                <line hits="0" number="254" branch="false"/>
                            </lines>
                        </method>
                        <method name="unit_converter::converter::convert_and_print_all::&lt;_&gt;" signature="" complexity="0" line-rate="0" branch-rate="0">
                            <lines>
                                <line hits="0" number="325" branch="false"/>
                            </lines>
                        </method>
                        <method name="unit_converter::converter::convert_and_print_to::&lt;std::io::cursor::Cursor&lt;alloc::vec::Vec&lt;u8&gt;&gt;&gt;" signature="" complexity="0" line-rate="1" branch-rate="1">
                            <lines>
                                <line hits="2" number="254" branch="false"/>
                            </lines>
                        </method>
                        <method name="unit_converter::converter::convert_and_print_to::&lt;std::io::cursor::Cursor&lt;alloc::vec::Vec&lt;u8&gt;&gt;&gt;" signature="" complexity="0" line-rate="1" branch-rate="1">
                            <lines>
                                <line hits="3" number="254" branch="false"/>
                            </lines>
                        </method>
                        <method name="unit_converter::converter::convert_and_print_to::&lt;std::io::stdio::Stdout&gt;" signature="" complexity="0" line-rate="0" branch-rate="0">
                            <lines>
                                <line hits="0" number="254" branch="false"/>
                            </lines>
                        </method>
                        <method name="unit_converter::converter::convert_and_print_all::&lt;std::io::cursor::Cursor&lt;alloc::vec::Vec&lt;u8&gt;&gt;&gt;" signature="" complexity="0" line-rate="1" branch-rate="1">
                            <lines>
                                <line hits="1" number="325" branch="false"/>
                            </lines>
                        </method>
                        <method name="unit_converter::converter::convert_and_print_all::&lt;std::io::cursor::Cursor&lt;alloc::vec::Vec&lt;u8&gt;&gt;&gt;" signature="" complexity="0" line-rate="1" branch-rate="1">
                            <lines>
                                <line hits="1" number="325" branch="false"/>
                            </lines>
                        </method>
                        <method name="unit_converter::converter::convert_and_print_all::&lt;std::io::stdio::Stdout&gt;" signature="" complexity="0" line-rate="0" branch-rate="0">
                            <lines>
                                <line hits="0" number="325" branch="false"/>
                            </lines>
                        </method>
                        <method name="unit_converter::converter::unit_to_string" signature="" complexity="0" line-rate="1" branch-rate="1">
                            <lines>
                                <line hits="10" number="23" branch="false"/>
                            </lines>
                        </method>
                        <method name="unit_converter::converter::fetch_all_units" signature="" complexity="0" line-rate="1" branch-rate="1">
                            <lines>
                                <line hits="5" number="269" branch="false"/>
                            </lines>
                        </method>
                        <method name="unit_converter::converter::scale_to_string" signature="" complexity="0" line-rate="1" branch-rate="1">
                            <lines>
                                <line hits="5" number="7" branch="false"/>
                            </lines>
                        </method>
                        <method name="unit_converter::converter::check_compatibility" signature="" complexity="0" line-rate="1" branch-rate="1">
                            <lines>
                                <line hits="40" number="224" branch="false"/>
                            </lines>
                        </method>
                        <method name="unit_converter::converter::convert_to_standard" signature="" complexity="0" line-rate="0" branch-rate="0">
                            <lines>
                                <line hits="0" number="100" branch="false"/>
                            </lines>
                        </method>
                        <method name="unit_converter::converter::convert_from_standard" signature="" complexity="0" line-rate="0" branch-rate="0">
                            <lines>
                                <line hits="0" number="162" branch="false"/>
                            </lines>
                        </method>
                        <method name="unit_converter::converter::convert" signature="" complexity="0" line-rate="1" branch-rate="1">
                            <lines>
                                <line hits="1" number="236" branch="false"/>
                            </lines>
                        </method>
                        <method name="unit_converter::converter::power_of" signature="" complexity="0" line-rate="1" branch-rate="1">
                            <lines>
                                <line hits="6" number="83" branch="false"/>
                            </lines>
                        </method>
                        <method name="unit_converter::converter::unit_to_string" signature="" complexity="0" line-rate="1" branch-rate="1">
                            <lines>
                                <line hits="18" number="23" branch="false"/>
                            </lines>
                        </method>
                        <method name="unit_converter::converter::fetch_all_units" signature="" complexity="0" line-rate="1" branch-rate="1">
                            <lines>
                                <line hits="2" number="269" branch="false"/>
                            </lines>
                        </method>
                        <method name="unit_converter::converter::scale_to_string" signature="" complexity="0" line-rate="1" branch-rate="1">
                            <lines>
                                <line hits="10" number="7" branch="false"/>
                            </lines>
                        </method>
                        <method name="unit_converter::converter::check_compatibility" signature="" complexity="0" line-rate="1" branch-rate="1">
                            <lines>
                                <line hits="53" number="224" branch="false"/>
                            </lines>
                        </method>
                        <method name="unit_converter::converter::convert_to_standard" signature="" complexity="0" line-rate="1" branch-rate="1">
                            <lines>
                                <line hits="46" number="100" branch="false"/>
                            </lines>
                        </method>
                        <method name="unit_converter::converter::convert_from_standard" signature="" complexity="0" line-rate="1" branch-rate="1">
                            <lines>
                                <line hits="46" number="162" branch="false"/>
                            </lines>
                        </method>
                        <method name="unit_converter::converter::convert" signature="" complexity="0" line-rate="1" branch-rate="1">
                            <lines>
                                <line hits="53" number="236" branch="false"/>
                            </lines>
                        </method>
                        <method name="unit_converter::converter::power_of" signature="" complexity="0" line-rate="1" branch-rate="1">
                            <lines>
                                <line hits="53" number="83" branch="false"/>
                            </lines>
                        </method>
                    </methods>
                    <lines>
                        <line branch="false" hits="15" number="7"/>
                        <line branch="false" hits="15" number="8"/>
                        <line branch="false" hits="1" number="9"/>
                        <line branch="false" hits="0" number="10"/>
                        <line branch="false" hits="3" number="11"/>
                        <line branch="false" hits="2" number="12"/>
                        <line branch="false" hits="5" number="13"/>
                        <line branch="false" hits="3" number="14"/>
                        <line branch="false" hits="0" number="15"/>
                        <line branch="false" hits="0" number="16"/>
                        <line branch="false" hits="0" number="17"/>
                        <line branch="false" hits="0" number="18"/>
                        <line branch="false" hits="1" number="19"/>
                        <line branch="false" hits="15" number="21"/>
                        <line branch="false" hits="28" number="23"/>
                        <line branch="false" hits="28" number="24"/>
                        <line branch="false" hits="1" number="25"/>
                        <line branch="false" hits="0" number="26"/>
                        <line branch="false" hits="0" number="27"/>
                        <line branch="false" hits="1" number="28"/>
                        <line branch="false" hits="14" number="31"/>
                        <line branch="false" hits="8" number="32"/>
                        <line branch="false" hits="8" number="33"/>
                        <line branch="false" hits="8" number="34"/>
                        <line branch="false" hits="2" number="36"/>
                        <line branch="false" hits="2" number="37"/>
                        <line branch="false" hits="1" number="38"/>
                        <line branch="false" hits="1" number="39"/>
                        <line branch="false" hits="2" number="42"/>
                        <line branch="false" hits="1" number="43"/>
                        <line branch="false" hits="1" number="44"/>
                        <line branch="false" hits="1" number="45"/>
                        <line branch="false" hits="0" number="47"/>
                        <line branch="false" hits="0" number="48"/>
                        <line branch="false" hits="0" number="49"/>
                        <line branch="false" hits="0" number="50"/>
                        <line branch="false" hits="1" number="51"/>
                        <line branch="false" hits="0" number="52"/>
                        <line branch="false" hits="4" number="55"/>
                        <line branch="false" hits="2" number="56"/>
                        <line branch="false" hits="2" number="57"/>
                        <line branch="false" hits="2" number="58"/>
                        <line branch="false" hits="1" number="60"/>
                        <line branch="false" hits="1" number="61"/>
                        <line branch="false" hits="1" number="62"/>
                        <line branch="false" hits="0" number="64"/>
                        <line branch="false" hits="1" number="65"/>
                        <line branch="false" hits="0" number="66"/>
                        <line branch="false" hits="0" number="67"/>
                        <line branch="false" hits="0" number="68"/>
                        <line branch="false" hits="7" number="71"/>
                        <line branch="false" hits="3" number="72"/>
                        <line branch="false" hits="3" number="73"/>
                        <line branch="false" hits="3" number="74"/>
                        <line branch="false" hits="1" number="76"/>
                        <line branch="false" hits="1" number="77"/>
                        <line branch="false" hits="2" number="78"/>
                        <line branch="false" hits="28" number="81"/>
                        <line branch="false" hits="59" number="83"/>
                        <line branch="false" hits="59" number="84"/>
                        <line branch="false" hits="59" number="85"/>
                        <line branch="false" hits="22" number="86"/>
                        <line branch="false" hits="16" number="87"/>
                        <line branch="false" hits="16" number="88"/>
                        <line branch="false" hits="16" number="89"/>
                        <line branch="false" hits="53" number="90"/>
                        <line branch="false" hits="99" number="91"/>
                        <line branch="false" hits="77" number="92"/>
                        <line branch="false" hits="77" number="93"/>
                        <line branch="false" hits="77" number="94"/>
                        <line branch="false" hits="31" number="95"/>
                        <line branch="false" hits="59" number="97"/>
                        <line branch="false" hits="59" number="98"/>
                        <line branch="false" hits="46" number="100"/>
                        <line branch="false" hits="46" number="101"/>
                        <line branch="false" hits="4" number="102"/>
                        <line branch="false" hits="0" number="103"/>
                        <line branch="false" hits="3" number="104"/>
                        <line branch="false" hits="1" number="105"/>
                        <line branch="false" hits="15" number="108"/>
                        <line branch="false" hits="10" number="109"/>
                        <line branch="false" hits="10" number="110"/>
                        <line branch="false" hits="10" number="111"/>
                        <line branch="false" hits="1" number="114"/>
                        <line branch="false" hits="2" number="115"/>
                        <line branch="false" hits="1" number="116"/>
                        <line branch="false" hits="1" number="117"/>
                        <line branch="false" hits="7" number="120"/>
                        <line branch="false" hits="5" number="121"/>
                        <line branch="false" hits="5" number="122"/>
                        <line branch="false" hits="5" number="123"/>
                        <line branch="false" hits="0" number="126"/>
                        <line branch="false" hits="0" number="127"/>
                        <line branch="false" hits="0" number="128"/>
                        <line branch="false" hits="0" number="129"/>
                        <line branch="false" hits="1" number="130"/>
                        <line branch="false" hits="1" number="131"/>
                        <line branch="false" hits="8" number="134"/>
                        <line branch="false" hits="3" number="135"/>
                        <line branch="false" hits="3" number="136"/>
                        <line branch="false" hits="3" number="137"/>
                        <line branch="false" hits="1" number="139"/>
                        <line branch="false" hits="1" number="140"/>
                        <line branch="false" hits="1" number="141"/>
                        <line branch="false" hits="0" number="143"/>
                        <line branch="false" hits="1" number="144"/>
                        <line branch="false" hits="2" number="145"/>
                        <line branch="false" hits="0" number="146"/>
                        <line branch="false" hits="1" number="147"/>
                        <line branch="false" hits="12" number="150"/>
                        <line branch="false" hits="7" number="151"/>
                        <line branch="false" hits="7" number="152"/>
                        <line branch="false" hits="7" number="153"/>
                        <line branch="false" hits="0" number="155"/>
                        <line branch="false" hits="2" number="156"/>
                        <line branch="false" hits="3" number="157"/>
                        <line branch="false" hits="46" number="160"/>
                        <line branch="false" hits="46" number="162"/>
                        <line branch="false" hits="46" number="163"/>
                        <line branch="false" hits="4" number="164"/>
                        <line branch="false" hits="2" number="165"/>
                        <line branch="false" hits="1" number="166"/>
                        <line branch="false" hits="1" number="167"/>
                        <line branch="false" hits="15" number="170"/>
                        <line branch="false" hits="8" number="171"/>
                        <line branch="false" hits="8" number="172"/>
                        <line branch="false" hits="8" number="173"/>
                        <line branch="false" hits="2" number="176"/>
                        <line branch="false" hits="3" number="177"/>
                        <line branch="false" hits="1" number="178"/>
                        <line branch="false" hits="1" number="179"/>
                        <line branch="false" hits="7" number="182"/>
                        <line branch="false" hits="6" number="183"/>
                        <line branch="false" hits="6" number="184"/>
                        <line branch="false" hits="6" number="185"/>
                        <line branch="false" hits="0" number="188"/>
                        <line branch="false" hits="1" number="189"/>
                        <line branch="false" hits="0" number="190"/>
                        <line branch="false" hits="0" number="191"/>
                        <line branch="false" hits="0" number="192"/>
                        <line branch="false" hits="0" number="193"/>
                        <line branch="false" hits="8" number="196"/>
                        <line branch="false" hits="4" number="197"/>
                        <line branch="false" hits="4" number="198"/>
                        <line branch="false" hits="4" number="199"/>
                        <line branch="false" hits="2" number="201"/>
                        <line branch="false" hits="2" number="202"/>
                        <line branch="false" hits="2" number="203"/>
                        <line branch="false" hits="1" number="205"/>
                        <line branch="false" hits="1" number="206"/>
                        <line branch="false" hits="0" number="207"/>
                        <line branch="false" hits="0" number="208"/>
                        <line branch="false" hits="0" number="209"/>
                        <line branch="false" hits="12" number="212"/>
                        <line branch="false" hits="7" number="213"/>
                        <line branch="false" hits="7" number="214"/>
                        <line branch="false" hits="7" number="215"/>
                        <line branch="false" hits="2" number="217"/>
                        <line branch="false" hits="2" number="218"/>
                        <line branch="false" hits="1" number="219"/>
                        <line branch="false" hits="46" number="222"/>
                        <line branch="false" hits="93" number="224"/>
                        <line branch="false" hits="93" number="225"/>
                        <line branch="false" hits="7" number="226"/>
                        <line branch="false" hits="24" number="227"/>
                        <line branch="false" hits="17" number="228"/>
                        <line branch="false" hits="18" number="229"/>
                        <line branch="false" hits="18" number="230"/>
                        <line branch="false" hits="9" number="232"/>
                        <line branch="false" hits="93" number="234"/>
                        <line branch="false" hits="54" number="236"/>
                        <line branch="false" hits="54" number="238"/>
                        <line branch="false" hits="7" number="239"/>
                        <line branch="false" hits="47" number="240"/>
                        <line branch="false" hits="47" number="243"/>
                        <line branch="false" hits="1" number="244"/>
                        <line branch="false" hits="46" number="245"/>
                        <line branch="false" hits="46" number="248"/>
                        <line branch="false" hits="46" number="249"/>
                        <line branch="false" hits="46" number="250"/>
                        <line branch="false" hits="46" number="251"/>
                        <line branch="false" hits="54" number="252"/>
                        <line branch="false" hits="5" number="254"/>
                        <line branch="false" hits="5" number="255"/>
                        <line branch="false" hits="2" number="256"/>
                        <line branch="false" hits="2" number="257"/>
                        <line branch="false" hits="2" number="258"/>
                        <line branch="false" hits="2" number="259"/>
                        <line branch="false" hits="2" number="260"/>
                        <line branch="false" hits="2" number="261"/>
                        <line branch="false" hits="2" number="262"/>
                        <line branch="false" hits="3" number="263"/>
                        <line branch="false" hits="3" number="264"/>
                        <line branch="false" hits="3" number="265"/>
                        <line branch="false" hits="5" number="267"/>
                        <line branch="false" hits="7" number="269"/>
                        <line branch="false" hits="7" number="270"/>
                        <line branch="false" hits="1" number="271"/>
                        <line branch="false" hits="1" number="272"/>
                        <line branch="false" hits="1" number="273"/>
                        <line branch="false" hits="1" number="274"/>
                        <line branch="false" hits="2" number="276"/>
                        <line branch="false" hits="2" number="277"/>
                        <line branch="false" hits="2" number="278"/>
                        <line branch="false" hits="2" number="279"/>
                        <line branch="false" hits="2" number="280"/>
                        <line branch="false" hits="2" number="282"/>
                        <line branch="false" hits="2" number="283"/>
                        <line branch="false" hits="2" number="284"/>
                        <line branch="false" hits="2" number="285"/>
                        <line branch="false" hits="1" number="287"/>
                        <line branch="false" hits="1" number="288"/>
                        <line branch="false" hits="1" number="289"/>
                        <line branch="false" hits="1" number="290"/>
                        <line branch="false" hits="1" number="292"/>
                        <line branch="false" hits="1" number="293"/>
                        <line branch="false" hits="1" number="294"/>
                        <line branch="false" hits="1" number="295"/>
                        <line branch="false" hits="1" number="297"/>
                        <line branch="false" hits="1" number="298"/>
                        <line branch="false" hits="1" number="300"/>
                        <line branch="false" hits="1" number="301"/>
                        <line branch="false" hits="1" number="302"/>
                        <line branch="false" hits="1" number="304"/>
                        <line branch="false" hits="1" number="305"/>
                        <line branch="false" hits="1" number="307"/>
                        <line branch="false" hits="1" number="308"/>
                        <line branch="false" hits="1" number="309"/>
                        <line branch="false" hits="1" number="310"/>
                        <line branch="false" hits="1" number="311"/>
                        <line branch="false" hits="2" number="313"/>
                        <line branch="false" hits="2" number="314"/>
                        <line branch="false" hits="2" number="315"/>
                        <line branch="false" hits="2" number="316"/>
                        <line branch="false" hits="2" number="318"/>
                        <line branch="false" hits="2" number="319"/>
                        <line branch="false" hits="2" number="320"/>
                        <line branch="false" hits="7" number="323"/>
                        <line branch="false" hits="2" number="325"/>
                        <line branch="false" hits="2" number="326"/>
                        <line branch="false" hits="2" number="327"/>
                        <line branch="false" hits="2" number="329"/>
                        <line branch="false" hits="16" number="330"/>
                        <line branch="false" hits="14" number="331"/>
                        <line branch="false" hits="2" number="332"/>
                        <line branch="false" hits="12" number="333"/>
                        <line branch="false" hits="12" number="334"/>
                        <line branch="false" hits="12" number="335"/>
                        <line branch="false" hits="12" number="336"/>
                        <line branch="false" hits="12" number="337"/>
                        <line branch="false" hits="12" number="338"/>
                        <line branch="false" hits="12" number="339"/>
                        <line branch="false" hits="2" number="341"/>
                    </lines>
                </class>
            </classes>
        </package>
        <package line-rate="1" branch-rate="0" name="src.converter" complexity="0">
            <classes>
                <class branch-rate="0" complexity="0" filename="src/converter/tests.rs" line-rate="1" name="src.converter.tests.rs">
                    <methods>
                        <method name="unit_converter::converter::tests::test_power_of" signature="" complexity="0" line-rate="1" branch-rate="1">
                            <lines>
                                <line hits="1" number="39" branch="false"/>
                            </lines>
                        </method>
                        <method name="unit_converter::converter::tests::test_fetch_units" signature="" complexity="0" line-rate="1" branch-rate="1">
                            <lines>
                                <line hits="1" number="60" branch="false"/>
                            </lines>
                        </method>
                        <method name="unit_converter::converter::tests::test_compatibility_check" signature="" complexity="0" line-rate="1" branch-rate="1">
                            <lines>
                                <line hits="1" number="52" branch="false"/>
                            </lines>
                        </method>
                        <method name="unit_converter::converter::tests::test_scaled_units_to_string" signature="" complexity="0" line-rate="1" branch-rate="1">
                            <lines>
                                <line hits="1" number="19" branch="false"/>
                            </lines>
                        </method>
                        <method name="unit_converter::converter::tests::test_unscaled_units_to_string" signature="" complexity="0" line-rate="1" branch-rate="1">
                            <lines>
                                <line hits="1" number="30" branch="false"/>
                            </lines>
                        </method>
                        <method name="unit_converter::converter::tests::test_convert_incompatible_units_error" signature="" complexity="0" line-rate="1" branch-rate="1">
                            <lines>
                                <line hits="1" number="12" branch="false"/>
                            </lines>
                        </method>
                    </methods>
                    <lines>
                        <line branch="false" hits="1" number="12"/>
                        <line branch="false" hits="1" number="13"/>
                        <line branch="false" hits="1" number="14"/>
                        <line branch="false" hits="1" number="15"/>
                        <line branch="false" hits="1" number="16"/>
                        <line branch="false" hits="1" number="19"/>
                        <line branch="false" hits="1" number="20"/>
                        <line branch="false" hits="1" number="21"/>
                        <line branch="false" hits="1" number="22"/>
                        <line branch="false" hits="1" number="23"/>
                        <line branch="false" hits="1" number="26"/>
                        <line branch="false" hits="1" number="27"/>
                        <line branch="false" hits="1" number="30"/>
                        <line branch="false" hits="1" number="31"/>
                        <line branch="false" hits="1" number="32"/>
                        <line branch="false" hits="1" number="33"/>
                        <line branch="false" hits="1" number="34"/>
                        <line branch="false" hits="1" number="35"/>
                        <line branch="false" hits="1" number="36"/>
                        <line branch="false" hits="1" number="39"/>
                        <line branch="false" hits="1" number="41"/>
                        <line branch="false" hits="1" number="42"/>
                        <line branch="false" hits="1" number="43"/>
                        <line branch="false" hits="1" number="46"/>
                        <line branch="false" hits="1" number="47"/>
                        <line branch="false" hits="1" number="48"/>
                        <line branch="false" hits="1" number="49"/>
                        <line branch="false" hits="1" number="52"/>
                        <line branch="false" hits="1" number="53"/>
                        <line branch="false" hits="1" number="54"/>
                        <line branch="false" hits="1" number="55"/>
                        <line branch="false" hits="1" number="56"/>
                        <line branch="false" hits="1" number="57"/>
                        <line branch="false" hits="1" number="60"/>
                        <line branch="false" hits="1" number="61"/>
                        <line branch="false" hits="1" number="62"/>
                        <line branch="false" hits="1" number="63"/>
                        <line branch="false" hits="4" number="64"/>
                        <line branch="false" hits="3" number="65"/>
                        <line branch="false" hits="1" number="68"/>
                        <line branch="false" hits="1" number="69"/>
                        <line branch="false" hits="1" number="70"/>
                        <line branch="false" hits="9" number="71"/>
                        <line branch="false" hits="8" number="72"/>
                        <line branch="false" hits="1" number="75"/>
                        <line branch="false" hits="1" number="76"/>
                        <line branch="false" hits="1" number="77"/>
                        <line branch="false" hits="10" number="78"/>
                        <line branch="false" hits="9" number="79"/>
                        <line branch="false" hits="1" number="82"/>
                        <line branch="false" hits="1" number="83"/>
                        <line branch="false" hits="1" number="84"/>
                        <line branch="false" hits="10" number="85"/>
                        <line branch="false" hits="9" number="86"/>
                        <line branch="false" hits="1" number="89"/>
                        <line branch="false" hits="1" number="90"/>
                        <line branch="false" hits="1" number="91"/>
                        <line branch="false" hits="7" number="92"/>
                        <line branch="false" hits="6" number="93"/>
                        <line branch="false" hits="1" number="95"/>
                    </lines>
                </class>
            </classes>
        </package>
    </packages>
</coverage>